<?xml version="1.0" encoding="UTF-8" ?>
<testsuite tests="14" failures="0" name="opcionesCucumber.Ejecutor" time="1.587" errors="0" skipped="0">
  <properties>
[...]
</properties>
  <testcase classname="Escenario: el usuario gerente senior de producto aprueba la propuesta para ser presentada a la Gerencia de Negocios" name="Dado que el usuario de producto notifica una propuesta local de Salud al área técnica" time="0.008"/>
  <testcase classname="Escenario: el usuario gerente senior de producto aprueba la propuesta para ser presentada a la Gerencia de Negocios" name="Y que el usuario gerente técnico local ha evaluado la propuesta para ser pre-aprobada por el área de productos" time="0.001"/>
  <testcase classname="Escenario: el usuario gerente senior de producto aprueba la propuesta para ser presentada a la Gerencia de Negocios" name="Y que he iniciado sesión con el rol gerente senior de producto" time="0"/>
  <testcase classname="Escenario: el usuario gerente senior de producto aprueba la propuesta para ser presentada a la Gerencia de Negocios" name="Y he ingresado al módulo de Planes" time="0"/>
  <testcase classname="Escenario: el usuario gerente senior de producto aprueba la propuesta para ser presentada a la Gerencia de Negocios" name="Y he consultado la propuesta notificada por el área técnica" time="0"/>
  <testcase classname="Escenario: el usuario gerente senior de producto aprueba la propuesta para ser presentada a la Gerencia de Negocios" name="Y he seleccionado un análisis técnico como definitivo" time="0"/>
  <testcase classname="Escenario: el usuario gerente senior de producto aprueba la propuesta para ser presentada a la Gerencia de Negocios" name="Y debería visualizar una notificación solicitando la confirmación de la selección del ánalisis técnico definitivo" time="0"/>
  <testcase classname="Escenario: el usuario gerente senior de producto aprueba la propuesta para ser presentada a la Gerencia de Negocios" name="Y debería visualizar una notificación indicando la selección del análisis técnico definitivo" time="0"/>
  <testcase classname="Escenario: el usuario gerente senior de producto aprueba la propuesta para ser presentada a la Gerencia de Negocios" name="Cuando he aprobado la propuesta" time="0"/>
  <testcase classname="Escenario: el usuario gerente senior de producto aprueba la propuesta para ser presentada a la Gerencia de Negocios" name="Entonces debería visualizar una notificación indicando que la propuesta ha sido pre-aprobada" time="0"/>
  <testcase classname="Escenario: el usuario gerente senior de producto aprueba la propuesta para ser presentada a la Gerencia de Negocios" name="Y no debería poder modificar la propuesta" time="0.001"/>
  <testcase classname="Escenario: el usuario gerente senior de producto aprueba la propuesta para ser presentada a la Gerencia de Negocios" name="Y no debería poder modificar el cuadro de beneficios" time="0"/>
  <testcase classname="Escenario: el usuario gerente senior de producto aprueba la propuesta para ser presentada a la Gerencia de Negocios" name="Y no debería poder modificar la información de primas" time="0"/>
  <testcase classname="Escenario: el usuario gerente senior de producto aprueba la propuesta para ser presentada a la Gerencia de Negocios" name="Escenario: el usuario gerente senior de producto aprueba la propuesta para ser presentada a la Gerencia de Negocios" time="1.577"/>
</testsuite>